<!DOCTYPE html PUBLIC "-//W3C//DTD XHTML 1.1//EN" "https://www.w3.org/TR/xhtml11/DTD/xhtml11.dtd">
<html xmlns="https://www.w3.org/1999/xhtml">
<head>
<meta http-equiv="content-type" content="text/html; charset=UTF-8"/>
<title>TestNG Report</title>
<style type="text/css">table {margin-bottom:10px;border-collapse:collapse;empty-cells:show}th,td {border:1px solid #009;padding:.25em .5em}th {vertical-align:bottom}td {vertical-align:top}table a {font-weight:bold}.stripe td {background-color: #E6EBF9}.num {text-align:right}.passedodd td {background-color: #3F3}.passedeven td {background-color: #0A0}.skippedodd td {background-color: #DDD}.skippedeven td {background-color: #CCC}.failedodd td,.attn {background-color: #F33}.failedeven td,.stripe .attn {background-color: #D00}.stacktrace {white-space:pre;font-family:monospace}.totop {font-size:85%;text-align:center;border-bottom:2px solid #000}.invisible {display:none}</style>
</head>
<body>
<table>
<tr><th>Test</th><th># Passed</th><th># Skipped</th><th># Retried</th><th># Failed</th><th>Time (ms)</th><th>Included Groups</th><th>Excluded Groups</th></tr>
<tr><th colspan="8">Suite</th></tr>
<tr><td><a href="#t0">Test</a></td><td class="num">6</td><td class="num">0</td><td class="num">0</td><td class="num attn">13</td><td class="num">171,222</td><td></td><td></td></tr>
</table>
<table id='summary'><thead><tr><th>Class</th><th>Method</th><th>Start</th><th>Time (ms)</th></tr></thead><tbody><tr><th colspan="4">Suite</th></tr></tbody><tbody id="t0"><tr><th colspan="4">Test &#8212; failed (configuration methods)</th></tr><tr class="failedeven"><td rowspan="1">TestNG.readvalue</td><td><a href="#m0">broswerclosure</a></td><td rowspan="1">1681017619184</td><td rowspan="1">1</td></tr><tr><th colspan="4">Test &#8212; failed</th></tr><tr class="failedeven"><td rowspan="1">TestNG.DataproviderExample</td><td><a href="#m1">login</a></td><td rowspan="1">1681017555682</td><td rowspan="1">19013</td></tr><tr class="failedodd"><td rowspan="1">TestNG.GPTBMS</td><td><a href="#m2">bookMovieTicket</a></td><td rowspan="1">1681017502106</td><td rowspan="1">53556</td></tr><tr class="failedeven"><td rowspan="9">TestNG.annaotaions</td><td><a href="#m3">afterClassTest</a></td><td rowspan="1">1681017461377</td><td rowspan="1">2</td></tr><tr class="failedeven"><td><a href="#m4">afterMethodTest</a></td><td rowspan="1">1681017461383</td><td rowspan="1">1</td></tr><tr class="failedeven"><td><a href="#m5">afterSuiteTest</a></td><td rowspan="1">1681017461389</td><td rowspan="1">2</td></tr><tr class="failedeven"><td><a href="#m6">afterTestTest</a></td><td rowspan="1">1681017461395</td><td rowspan="1">2</td></tr><tr class="failedeven"><td><a href="#m7">beforeClassTest</a></td><td rowspan="1">1681017461399</td><td rowspan="1">6</td></tr><tr class="failedeven"><td><a href="#m8">beforeMethodTest</a></td><td rowspan="1">1681017461406</td><td rowspan="1">3</td></tr><tr class="failedeven"><td><a href="#m9">beforeSuiteTest</a></td><td rowspan="1">1681017461411</td><td rowspan="1">1</td></tr><tr class="failedeven"><td><a href="#m10">beforeTestTest</a></td><td rowspan="1">1681017461415</td><td rowspan="1">0</td></tr><tr class="failedeven"><td><a href="#m11">fTest</a></td><td rowspan="1">1681017461417</td><td rowspan="1">1</td></tr><tr class="failedodd"><td rowspan="2">TestNG.readvalue</td><td><a href="#m12">logout</a></td><td rowspan="1">1681017457333</td><td rowspan="1">4011</td></tr><tr class="failedodd"><td><a href="#m13">readFromExcel</a></td><td rowspan="1">1681017461363</td><td rowspan="1">7</td></tr><tr><th colspan="4">Test &#8212; passed</th></tr><tr class="passedeven"><td rowspan="2">TestNG.Gmail</td><td><a href="#m14">gmailbrower</a></td><td rowspan="2">1681017593589</td><td rowspan="2">16920</td></tr><tr class="passedeven"><td><a href="#m15">gmailbrower</a></td></tr><tr class="passedodd"><td rowspan="3">TestNG.Test1</td><td><a href="#m16">PIM</a></td><td rowspan="1">1681017480587</td><td rowspan="1">7077</td></tr><tr class="passedodd"><td><a href="#m17">Time</a></td><td rowspan="1">1681017487670</td><td rowspan="1">7001</td></tr><tr class="passedodd"><td><a href="#m18">admin</a></td><td rowspan="1">1681017461429</td><td rowspan="1">19145</td></tr><tr class="passedeven"><td rowspan="1">TestNG.newannotations</td><td><a href="#m19">f</a></td><td rowspan="1">1681017461423</td><td rowspan="1">4</td></tr></tbody>
</table>
<h2>Test</h2><h3 id="m0">TestNG.readvalue#broswerclosure</h3><table class="result"><tr><th>Exception</th></tr><tr><td><div class="stacktrace">java.lang.NullPointerException: Cannot invoke &quot;org.openqa.selenium.chrome.ChromeDriver.close()&quot; because &quot;this.driver&quot; is null
	at TestNG.readvalue.broswerclosure(readvalue.java:63)
... Removed 19 stack frames</div></td></tr></table><p class="totop"><a href="#summary">back to summary</a></p>
<h3 id="m1">TestNG.DataproviderExample#login</h3><table class="result"><tr class="param"><th>Parameter #1</th><th>Parameter #2</th></tr><tr class="param stripe"><td>Admin</td><td>admin123</td></tr><tr><th colspan="2">Exception</th></tr><tr><td colspan="2"><div class="stacktrace">java.lang.IllegalMonitorStateException: current thread is not owner
	at java.base/java.lang.Object.wait(Native Method)
	at TestNG.DataproviderExample.login(DataproviderExample.java:35)
	at java.base/java.util.ArrayList.forEach(ArrayList.java:1511)
... Removed 27 stack frames</div></td></tr></table><p class="totop"><a href="#summary">back to summary</a></p>
<h3 id="m2">TestNG.GPTBMS#bookMovieTicket</h3><table class="result"><tr><th>Exception</th></tr><tr><td><div class="stacktrace">org.openqa.selenium.TimeoutException: Expected condition failed: waiting for element to be clickable: By.xpath: //*[@id=&quot;venuelist&quot;]/div[1]/div/div[2]/div/div[1]/div/div[1]/span (tried for 10 second(s) with 500 milliseconds interval)
	at org.openqa.selenium.support.ui.WebDriverWait.timeoutException(WebDriverWait.java:95)
	at org.openqa.selenium.support.ui.FluentWait.until(FluentWait.java:272)
	at TestNG.GPTBMS.bookMovieTicket(GPTBMS.java:47)
	at java.base/java.util.ArrayList.forEach(ArrayList.java:1511)
Caused by: org.openqa.selenium.NoSuchElementException: no such element: Unable to locate element: {&quot;method&quot;:&quot;xpath&quot;,&quot;selector&quot;:&quot;//*[@id=&quot;venuelist&quot;]/div[1]/div/div[2]/div/div[1]/div/div[1]/span&quot;}
  (Session info: chrome=112.0.5615.49)
For documentation on this error, please visit: https://www.seleniumhq.org/exceptions/no_such_element.html
Build info: version: &apos;3.141.59&apos;, revision: &apos;e82be7d358&apos;, time: &apos;2018-11-14T08:17:03&apos;
System info: host: &apos;Raghavendras-MacBook-Pro.local&apos;, ip: &apos;2405:201:d028:18e9:9cab:188c:ee19:e4ac%en0&apos;, os.name: &apos;Mac OS X&apos;, os.arch: &apos;x86_64&apos;, os.version: &apos;13.3.1&apos;, java.version: &apos;17.0.5&apos;
Driver info: org.openqa.selenium.chrome.ChromeDriver
Capabilities {acceptInsecureCerts: false, browserName: chrome, browserVersion: 112.0.5615.49, chrome: {chromedriverVersion: 112.0.5615.49 (bd2a7bcb881c..., userDataDir: /var/folders/jb/3r_2ffdn53n...}, goog:chromeOptions: {debuggerAddress: localhost:53167}, javascriptEnabled: true, networkConnectionEnabled: false, pageLoadStrategy: normal, platform: MAC, platformName: MAC, proxy: Proxy(), setWindowRect: true, strictFileInteractability: false, timeouts: {implicit: 0, pageLoad: 300000, script: 30000}, unhandledPromptBehavior: dismiss and notify, webauthn:extension:credBlob: true, webauthn:extension:largeBlob: true, webauthn:extension:minPinLength: true, webauthn:extension:prf: true, webauthn:virtualAuthenticators: true}
Session ID: db9aafabc37e4bf0873b5575a8c9b317
*** Element info: {Using=xpath, value=//*[@id=&quot;venuelist&quot;]/div[1]/div/div[2]/div/div[1]/div/div[1]/span}
	at org.openqa.selenium.remote.http.W3CHttpResponseCodec.createException(W3CHttpResponseCodec.java:187)
	at org.openqa.selenium.remote.http.W3CHttpResponseCodec.decode(W3CHttpResponseCodec.java:122)
	at org.openqa.selenium.remote.http.W3CHttpResponseCodec.decode(W3CHttpResponseCodec.java:49)
	at org.openqa.selenium.remote.HttpCommandExecutor.execute(HttpCommandExecutor.java:158)
	at org.openqa.selenium.remote.service.DriverCommandExecutor.execute(DriverCommandExecutor.java:83)
	at org.openqa.selenium.remote.RemoteWebDriver.execute(RemoteWebDriver.java:552)
	at org.openqa.selenium.remote.RemoteWebDriver.findElement(RemoteWebDriver.java:323)
	at org.openqa.selenium.remote.RemoteWebDriver.findElementByXPath(RemoteWebDriver.java:428)
	at org.openqa.selenium.By$ByXPath.findElement(By.java:353)
	at org.openqa.selenium.remote.RemoteWebDriver.findElement(RemoteWebDriver.java:315)
	at org.openqa.selenium.support.ui.ExpectedConditions$7.apply(ExpectedConditions.java:205)
	at org.openqa.selenium.support.ui.ExpectedConditions$7.apply(ExpectedConditions.java:201)
	at org.openqa.selenium.support.ui.ExpectedConditions$22.apply(ExpectedConditions.java:641)
	at org.openqa.selenium.support.ui.ExpectedConditions$22.apply(ExpectedConditions.java:638)
	at org.openqa.selenium.support.ui.FluentWait.until(FluentWait.java:249)
	... 29 more
... Removed 31 stack frames</div></td></tr></table><p class="totop"><a href="#summary">back to summary</a></p>
<h3 id="m3">TestNG.annaotaions#afterClassTest</h3><table class="result"><tr><th>Exception</th></tr><tr><td><div class="stacktrace">java.lang.RuntimeException: Test not implemented
	at TestNG.annaotaions.afterClassTest(annaotaions.java:10)
	at java.base/java.util.ArrayList.forEach(ArrayList.java:1511)
... Removed 27 stack frames</div></td></tr></table><p class="totop"><a href="#summary">back to summary</a></p>
<h3 id="m4">TestNG.annaotaions#afterMethodTest</h3><table class="result"><tr><th>Exception</th></tr><tr><td><div class="stacktrace">java.lang.RuntimeException: Test not implemented
	at TestNG.annaotaions.afterMethodTest(annaotaions.java:15)
	at java.base/java.util.ArrayList.forEach(ArrayList.java:1511)
... Removed 27 stack frames</div></td></tr></table><p class="totop"><a href="#summary">back to summary</a></p>
<h3 id="m5">TestNG.annaotaions#afterSuiteTest</h3><table class="result"><tr><th>Exception</th></tr><tr><td><div class="stacktrace">java.lang.RuntimeException: Test not implemented
	at TestNG.annaotaions.afterSuiteTest(annaotaions.java:20)
	at java.base/java.util.ArrayList.forEach(ArrayList.java:1511)
... Removed 27 stack frames</div></td></tr></table><p class="totop"><a href="#summary">back to summary</a></p>
<h3 id="m6">TestNG.annaotaions#afterTestTest</h3><table class="result"><tr><th>Exception</th></tr><tr><td><div class="stacktrace">java.lang.RuntimeException: Test not implemented
	at TestNG.annaotaions.afterTestTest(annaotaions.java:25)
	at java.base/java.util.ArrayList.forEach(ArrayList.java:1511)
... Removed 27 stack frames</div></td></tr></table><p class="totop"><a href="#summary">back to summary</a></p>
<h3 id="m7">TestNG.annaotaions#beforeClassTest</h3><table class="result"><tr><th>Exception</th></tr><tr><td><div class="stacktrace">java.lang.RuntimeException: Test not implemented
	at TestNG.annaotaions.beforeClassTest(annaotaions.java:30)
	at java.base/java.util.ArrayList.forEach(ArrayList.java:1511)
... Removed 27 stack frames</div></td></tr></table><p class="totop"><a href="#summary">back to summary</a></p>
<h3 id="m8">TestNG.annaotaions#beforeMethodTest</h3><table class="result"><tr><th>Exception</th></tr><tr><td><div class="stacktrace">java.lang.RuntimeException: Test not implemented
	at TestNG.annaotaions.beforeMethodTest(annaotaions.java:35)
	at java.base/java.util.ArrayList.forEach(ArrayList.java:1511)
... Removed 27 stack frames</div></td></tr></table><p class="totop"><a href="#summary">back to summary</a></p>
<h3 id="m9">TestNG.annaotaions#beforeSuiteTest</h3><table class="result"><tr><th>Exception</th></tr><tr><td><div class="stacktrace">java.lang.RuntimeException: Test not implemented
	at TestNG.annaotaions.beforeSuiteTest(annaotaions.java:40)
	at java.base/java.util.ArrayList.forEach(ArrayList.java:1511)
... Removed 27 stack frames</div></td></tr></table><p class="totop"><a href="#summary">back to summary</a></p>
<h3 id="m10">TestNG.annaotaions#beforeTestTest</h3><table class="result"><tr><th>Exception</th></tr><tr><td><div class="stacktrace">java.lang.RuntimeException: Test not implemented
	at TestNG.annaotaions.beforeTestTest(annaotaions.java:45)
	at java.base/java.util.ArrayList.forEach(ArrayList.java:1511)
... Removed 27 stack frames</div></td></tr></table><p class="totop"><a href="#summary">back to summary</a></p>
<h3 id="m11">TestNG.annaotaions#fTest</h3><table class="result"><tr><th>Exception</th></tr><tr><td><div class="stacktrace">java.lang.RuntimeException: Test not implemented
	at TestNG.annaotaions.fTest(annaotaions.java:50)
	at java.base/java.util.ArrayList.forEach(ArrayList.java:1511)
... Removed 27 stack frames</div></td></tr></table><p class="totop"><a href="#summary">back to summary</a></p>
<h3 id="m12">TestNG.readvalue#logout</h3><table class="result"><tr><th>Exception</th></tr><tr><td><div class="stacktrace">java.lang.NullPointerException: Cannot invoke &quot;org.openqa.selenium.chrome.ChromeDriver.findElementByXPath(String)&quot; because &quot;this.driver&quot; is null
	at TestNG.readvalue.logout(readvalue.java:56)
	at java.base/java.util.ArrayList.forEach(ArrayList.java:1511)
... Removed 27 stack frames</div></td></tr></table><p class="totop"><a href="#summary">back to summary</a></p>
<h3 id="m13">TestNG.readvalue#readFromExcel</h3><table class="result"><tr><th>Exception</th></tr><tr><td><div class="stacktrace">java.lang.Error: Unresolved compilation problems: 
	The import org.apache cannot be resolved
	The import org.apache cannot be resolved
	The import org.apache cannot be resolved
	The import org.apache cannot be resolved
	The import org.apache cannot be resolved
	Syntax error on token &quot;void&quot;, record expected
	void is an invalid type for the variable main
	Syntax error, insert &quot;}&quot; to complete RecordBody
	Syntax error on token &quot;}&quot;, delete this token
	Syntax error on token &quot;String&quot;, record expected
	Syntax error, insert &quot;}&quot; to complete RecordBody
	Syntax error on token &quot;}&quot;, delete this token

	at Java.ReadCellValue.&lt;init&gt;(ReadCellValue.java:6)
	at TestNG.readvalue.readFromExcel(readvalue.java:40)
	at java.base/java.util.ArrayList.forEach(ArrayList.java:1511)
... Removed 27 stack frames</div></td></tr></table><p class="totop"><a href="#summary">back to summary</a></p>
<h3 id="m14">TestNG.Gmail#gmailbrower</h3><table class="result"><tr class="param"><th>Parameter #1</th><th>Parameter #2</th></tr><tr class="param stripe"><td>123</td><td>password123</td></tr></table><p class="totop"><a href="#summary">back to summary</a></p>
<h3 id="m15">TestNG.Gmail#gmailbrower</h3><table class="result"><tr class="param"><th>Parameter #1</th><th>Parameter #2</th></tr><tr class="param stripe"><td>Admin</td><td>123</td></tr></table><p class="totop"><a href="#summary">back to summary</a></p>
<h3 id="m16">TestNG.Test1#PIM</h3><table class="result"><tr><th class="invisible"/></tr></table><p class="totop"><a href="#summary">back to summary</a></p>
<h3 id="m17">TestNG.Test1#Time</h3><table class="result"><tr><th class="invisible"/></tr></table><p class="totop"><a href="#summary">back to summary</a></p>
<h3 id="m18">TestNG.Test1#admin</h3><table class="result"><tr><th class="invisible"/></tr></table><p class="totop"><a href="#summary">back to summary</a></p>
<h3 id="m19">TestNG.newannotations#f</h3><table class="result"><tr><th class="invisible"/></tr></table><p class="totop"><a href="#summary">back to summary</a></p>
</body>
</html>
