<?xml version="1.0" encoding="UTF-8"?>
<!-- Generated by org.testng.reporters.JUnitXMLReporter -->
<testsuite ignored="0" hostname="Raghavendras-MacBook-Pro.local" failures="13" tests="19" name="Test" time="171.222" errors="0" timestamp="2023-04-09T10:50:18 IST">
  <testcase classname="TestNG.readvalue" name="logout" time="4.011">
    <failure type="java.lang.NullPointerException" message="Cannot invoke &amp;quot;org.openqa.selenium.chrome.ChromeDriver.findElementByXPath(String)&amp;quot; because &amp;quot;this.driver&amp;quot; is null">
      <![CDATA[java.lang.NullPointerException: Cannot invoke "org.openqa.selenium.chrome.ChromeDriver.findElementByXPath(String)" because "this.driver" is null
at TestNG.readvalue.logout(readvalue.java:56)
at java.base/java.util.ArrayList.forEach(ArrayList.java:1511)
... Removed 27 stack frames]]>
    </failure>
  </testcase> <!-- logout -->
  <testcase classname="TestNG.readvalue" name="readFromExcel" time="0.007">
    <failure type="java.lang.Error" message="Unresolved compilation problems: 
	The import org.apache cannot be resolved
	The import org.apache cannot be resolved
	The import org.apache cannot be resolved
	The import org.apache cannot be resolved
	The import org.apache cannot be resolved
	Syntax error on token &amp;quot;void&amp;quot;, record expected
	void is an invalid type for the variable main
	Syntax error, insert &amp;quot;}&amp;quot; to complete RecordBody
	Syntax error on token &amp;quot;}&amp;quot;, delete this token
	Syntax error on token &amp;quot;String&amp;quot;, record expected
	Syntax error, insert &amp;quot;}&amp;quot; to complete RecordBody
	Syntax error on token &amp;quot;}&amp;quot;, delete this token
">
      <![CDATA[java.lang.Error: Unresolved compilation problems: 
The import org.apache cannot be resolved
The import org.apache cannot be resolved
The import org.apache cannot be resolved
The import org.apache cannot be resolved
The import org.apache cannot be resolved
Syntax error on token "void", record expected
void is an invalid type for the variable main
Syntax error, insert "}" to complete RecordBody
Syntax error on token "}", delete this token
Syntax error on token "String", record expected
Syntax error, insert "}" to complete RecordBody
Syntax error on token "}", delete this token

at Java.ReadCellValue.<init>(ReadCellValue.java:6)
at TestNG.readvalue.readFromExcel(readvalue.java:40)
at java.base/java.util.ArrayList.forEach(ArrayList.java:1511)
... Removed 27 stack frames]]>
    </failure>
  </testcase> <!-- readFromExcel -->
  <testcase classname="TestNG.annaotaions" name="afterClassTest" time="0.002">
    <failure type="java.lang.RuntimeException" message="Test not implemented">
      <![CDATA[java.lang.RuntimeException: Test not implemented
at TestNG.annaotaions.afterClassTest(annaotaions.java:10)
at java.base/java.util.ArrayList.forEach(ArrayList.java:1511)
... Removed 27 stack frames]]>
    </failure>
  </testcase> <!-- afterClassTest -->
  <testcase classname="TestNG.annaotaions" name="afterMethodTest" time="0.001">
    <failure type="java.lang.RuntimeException" message="Test not implemented">
      <![CDATA[java.lang.RuntimeException: Test not implemented
at TestNG.annaotaions.afterMethodTest(annaotaions.java:15)
at java.base/java.util.ArrayList.forEach(ArrayList.java:1511)
... Removed 27 stack frames]]>
    </failure>
  </testcase> <!-- afterMethodTest -->
  <testcase classname="TestNG.annaotaions" name="afterSuiteTest" time="0.002">
    <failure type="java.lang.RuntimeException" message="Test not implemented">
      <![CDATA[java.lang.RuntimeException: Test not implemented
at TestNG.annaotaions.afterSuiteTest(annaotaions.java:20)
at java.base/java.util.ArrayList.forEach(ArrayList.java:1511)
... Removed 27 stack frames]]>
    </failure>
  </testcase> <!-- afterSuiteTest -->
  <testcase classname="TestNG.annaotaions" name="afterTestTest" time="0.002">
    <failure type="java.lang.RuntimeException" message="Test not implemented">
      <![CDATA[java.lang.RuntimeException: Test not implemented
at TestNG.annaotaions.afterTestTest(annaotaions.java:25)
at java.base/java.util.ArrayList.forEach(ArrayList.java:1511)
... Removed 27 stack frames]]>
    </failure>
  </testcase> <!-- afterTestTest -->
  <testcase classname="TestNG.annaotaions" name="beforeClassTest" time="0.006">
    <failure type="java.lang.RuntimeException" message="Test not implemented">
      <![CDATA[java.lang.RuntimeException: Test not implemented
at TestNG.annaotaions.beforeClassTest(annaotaions.java:30)
at java.base/java.util.ArrayList.forEach(ArrayList.java:1511)
... Removed 27 stack frames]]>
    </failure>
  </testcase> <!-- beforeClassTest -->
  <testcase classname="TestNG.annaotaions" name="beforeMethodTest" time="0.003">
    <failure type="java.lang.RuntimeException" message="Test not implemented">
      <![CDATA[java.lang.RuntimeException: Test not implemented
at TestNG.annaotaions.beforeMethodTest(annaotaions.java:35)
at java.base/java.util.ArrayList.forEach(ArrayList.java:1511)
... Removed 27 stack frames]]>
    </failure>
  </testcase> <!-- beforeMethodTest -->
  <testcase classname="TestNG.annaotaions" name="beforeSuiteTest" time="0.001">
    <failure type="java.lang.RuntimeException" message="Test not implemented">
      <![CDATA[java.lang.RuntimeException: Test not implemented
at TestNG.annaotaions.beforeSuiteTest(annaotaions.java:40)
at java.base/java.util.ArrayList.forEach(ArrayList.java:1511)
... Removed 27 stack frames]]>
    </failure>
  </testcase> <!-- beforeSuiteTest -->
  <testcase classname="TestNG.annaotaions" name="beforeTestTest" time="0.0">
    <failure type="java.lang.RuntimeException" message="Test not implemented">
      <![CDATA[java.lang.RuntimeException: Test not implemented
at TestNG.annaotaions.beforeTestTest(annaotaions.java:45)
at java.base/java.util.ArrayList.forEach(ArrayList.java:1511)
... Removed 27 stack frames]]>
    </failure>
  </testcase> <!-- beforeTestTest -->
  <testcase classname="TestNG.annaotaions" name="fTest" time="0.001">
    <failure type="java.lang.RuntimeException" message="Test not implemented">
      <![CDATA[java.lang.RuntimeException: Test not implemented
at TestNG.annaotaions.fTest(annaotaions.java:50)
at java.base/java.util.ArrayList.forEach(ArrayList.java:1511)
... Removed 27 stack frames]]>
    </failure>
  </testcase> <!-- fTest -->
  <testcase classname="TestNG.newannotations" name="f" time="0.004"/>
  <testcase classname="TestNG.Test1" name="admin" time="19.145"/>
  <testcase classname="TestNG.Test1" name="PIM" time="7.077"/>
  <testcase classname="TestNG.Test1" name="Time" time="7.001"/>
  <testcase classname="TestNG.GPTBMS" name="bookMovieTicket" time="53.556">
    <failure type="org.openqa.selenium.TimeoutException" message="Expected condition failed: waiting for element to be clickable: By.xpath: //*[@id=&amp;quot;venuelist&amp;quot;]/div[1]/div/div[2]/div/div[1]/div/div[1]/span (tried for 10 second(s) with 500 milliseconds interval)">
      <![CDATA[org.openqa.selenium.TimeoutException: Expected condition failed: waiting for element to be clickable: By.xpath: //*[@id="venuelist"]/div[1]/div/div[2]/div/div[1]/div/div[1]/span (tried for 10 second(s) with 500 milliseconds interval)
at org.openqa.selenium.support.ui.WebDriverWait.timeoutException(WebDriverWait.java:95)
at org.openqa.selenium.support.ui.FluentWait.until(FluentWait.java:272)
at TestNG.GPTBMS.bookMovieTicket(GPTBMS.java:47)
at java.base/java.util.ArrayList.forEach(ArrayList.java:1511)
Caused by: org.openqa.selenium.NoSuchElementException: no such element: Unable to locate element: {"method":"xpath","selector":"//*[@id="venuelist"]/div[1]/div/div[2]/div/div[1]/div/div[1]/span"}
  (Session info: chrome=112.0.5615.49)
For documentation on this error, please visit: https://www.seleniumhq.org/exceptions/no_such_element.html
Build info: version: '3.141.59', revision: 'e82be7d358', time: '2018-11-14T08:17:03'
System info: host: 'Raghavendras-MacBook-Pro.local', ip: '2405:201:d028:18e9:9cab:188c:ee19:e4ac%en0', os.name: 'Mac OS X', os.arch: 'x86_64', os.version: '13.3.1', java.version: '17.0.5'
Driver info: org.openqa.selenium.chrome.ChromeDriver
Capabilities {acceptInsecureCerts: false, browserName: chrome, browserVersion: 112.0.5615.49, chrome: {chromedriverVersion: 112.0.5615.49 (bd2a7bcb881c..., userDataDir: /var/folders/jb/3r_2ffdn53n...}, goog:chromeOptions: {debuggerAddress: localhost:53167}, javascriptEnabled: true, networkConnectionEnabled: false, pageLoadStrategy: normal, platform: MAC, platformName: MAC, proxy: Proxy(), setWindowRect: true, strictFileInteractability: false, timeouts: {implicit: 0, pageLoad: 300000, script: 30000}, unhandledPromptBehavior: dismiss and notify, webauthn:extension:credBlob: true, webauthn:extension:largeBlob: true, webauthn:extension:minPinLength: true, webauthn:extension:prf: true, webauthn:virtualAuthenticators: true}
Session ID: db9aafabc37e4bf0873b5575a8c9b317
*** Element info: {Using=xpath, value=//*[@id="venuelist"]/div[1]/div/div[2]/div/div[1]/div/div[1]/span}
at org.openqa.selenium.remote.http.W3CHttpResponseCodec.createException(W3CHttpResponseCodec.java:187)
at org.openqa.selenium.remote.http.W3CHttpResponseCodec.decode(W3CHttpResponseCodec.java:122)
at org.openqa.selenium.remote.http.W3CHttpResponseCodec.decode(W3CHttpResponseCodec.java:49)
at org.openqa.selenium.remote.HttpCommandExecutor.execute(HttpCommandExecutor.java:158)
at org.openqa.selenium.remote.service.DriverCommandExecutor.execute(DriverCommandExecutor.java:83)
at org.openqa.selenium.remote.RemoteWebDriver.execute(RemoteWebDriver.java:552)
at org.openqa.selenium.remote.RemoteWebDriver.findElement(RemoteWebDriver.java:323)
at org.openqa.selenium.remote.RemoteWebDriver.findElementByXPath(RemoteWebDriver.java:428)
at org.openqa.selenium.By$ByXPath.findElement(By.java:353)
at org.openqa.selenium.remote.RemoteWebDriver.findElement(RemoteWebDriver.java:315)
at org.openqa.selenium.support.ui.ExpectedConditions$7.apply(ExpectedConditions.java:205)
at org.openqa.selenium.support.ui.ExpectedConditions$7.apply(ExpectedConditions.java:201)
at org.openqa.selenium.support.ui.ExpectedConditions$22.apply(ExpectedConditions.java:641)
at org.openqa.selenium.support.ui.ExpectedConditions$22.apply(ExpectedConditions.java:638)
at org.openqa.selenium.support.ui.FluentWait.until(FluentWait.java:249)
... 29 more
... Removed 31 stack frames]]>
    </failure>
  </testcase> <!-- bookMovieTicket -->
  <testcase classname="TestNG.DataproviderExample" name="login" time="19.013">
    <failure type="java.lang.IllegalMonitorStateException" message="current thread is not owner">
      <![CDATA[java.lang.IllegalMonitorStateException: current thread is not owner
at java.base/java.lang.Object.wait(Native Method)
at TestNG.DataproviderExample.login(DataproviderExample.java:35)
at java.base/java.util.ArrayList.forEach(ArrayList.java:1511)
... Removed 27 stack frames]]>
    </failure>
  </testcase> <!-- login -->
  <testcase classname="TestNG.Gmail" name="gmailbrower" time="18.875"/>
  <testcase classname="TestNG.Gmail" name="gmailbrower" time="16.92"/>
</testsuite> <!-- Test -->
